146736.03125
158607.234375
227432.515625
159619.765625
225292.3125
117661.2265625
487100.59375
298764.28125
282209.78125
418779.78125
107914.4765625
161152.8125
138314.3125
99137.7578125
157721.28125
171665.90625
182927.765625
123720.7890625
219052.515625
241097.578125
350291.21875
240973.234375
99732.671875
155045.171875
130275.8671875
137056.046875
308856.5625
97684.5859375
143592.828125
162375.46875
177789.203125
140258.90625
179145.9375
288847.65625
362720.4375
207398.359375
140048.46875
392642.875
65808.6796875
403813.09375
281332.8125
124105.8671875
93971.0078125
98186.28125
176830.15625
204432.6875
181525.5
269824.4375
186316.03125
307998.03125
116310.6953125
90539.1015625
150425.484375
156647.53125
267086.03125
136607.453125
394556.28125
372312.0
211301.8125
238987.9375
96825.75
203930.890625
183885.34375
237610.828125
439972.90625
124694.03125
155423.90625
299661.59375
229554.46875
177576.796875
247779.03125
176844.40625
332730.46875
170774.40625
141112.53125
205354.46875
205841.96875
295332.90625
489551.34375
101699.046875
185089.78125
136243.078125
326645.40625
180922.453125
282152.15625
209386.984375
162186.296875
125594.71875
101811.0546875
115905.4296875
145685.890625
45857.25
77899.703125
497262.375
360052.46875
183569.046875
208135.8125
173861.234375
82611.234375
297313.96875
174946.21875
150861.546875
83546.84375
168693.546875
80546.9296875
147427.984375
314575.4375
187540.265625
142710.109375
182310.75
126695.2265625
181047.5
501972.84375
83177.9296875
311630.90625
355112.5
170163.703125
223473.140625
144126.0
85026.8359375
152160.15625
197139.53125
162733.328125
234880.5
506030.65625
51926.171875
505048.9375
264954.90625
67467.125
166512.390625
256160.40625
234319.71875
152194.796875
110590.0234375
212273.46875
150285.6875
62228.0546875
265928.34375
197984.890625
103625.96875
266701.875
72099.7265625
143901.359375
203649.59375
183937.640625
213851.75
233355.46875
208956.5
181006.09375
235013.9375
196756.328125
207892.9375
142557.0
145548.1875
176422.1875
150449.515625
138555.453125
313587.28125
203090.171875
255548.46875
408258.53125
270701.84375
138423.296875
214390.1875
453230.65625
170475.765625
153501.078125
278724.0
251964.328125
192948.359375
226985.328125
226045.359375
332825.5625
337583.03125
166121.734375
170798.609375
296911.5
447703.46875
86346.890625
310614.78125
137425.09375
178001.140625
103733.203125
162329.984375
103658.8671875
135880.453125
85054.8203125
272533.71875
146223.546875
312647.875
133225.296875
114534.0546875
460625.09375
164584.6875
109029.3671875
145786.140625
491336.125
55694.54296875
109656.53125
61137.26953125
357405.09375
246617.40625
155933.96875
201950.609375
104186.7734375
111112.8984375
164313.734375
273293.71875
388870.4375
118210.96875
303283.09375
143073.71875
130390.4296875
106942.90625
278556.71875
165965.9375
181939.71875
178037.71875
252035.03125
160061.40625
204878.734375
125762.7578125
111662.703125
257755.15625
193594.421875
375911.71875
244471.4375
106433.8203125
55812.17578125
121763.1796875
204281.90625
442219.03125
489428.4375
91339.4609375
217520.0
89713.796875
516355.0
176746.90625
185510.96875
88430.5
178157.46875
128576.0234375
184092.78125
161947.5
344073.84375
456121.28125
468087.03125
336247.21875
355334.625
76708.3515625
228454.921875
303351.71875
183982.953125
369311.1875
144904.4375
176666.34375
102935.6171875
191469.96875
56019.36328125
272011.46875
68361.5234375
243600.4375
243268.765625
232409.09375
100930.2109375
202654.0
156538.84375
94953.546875
92940.0390625
90653.046875
299858.625
191306.0625
355634.8125
173444.171875
103526.1484375
179224.796875
144941.1875
220031.34375
163936.421875
498507.53125
94829.3984375
262475.84375
72815.4140625
238519.078125
388668.6875
252824.5
145964.21875
193890.296875
236839.796875
227762.140625
308340.34375
67409.7421875
461386.09375
116294.53125
123124.1328125
108097.9296875
167159.8125
189758.6875
218757.796875
435514.9375
72470.5234375
55692.12109375
274422.875
135363.859375
70701.9609375
117746.328125
87712.171875
263481.9375
141374.984375
274842.40625
220637.859375
228079.71875
132830.875
79019.5234375
136499.546875
415370.4375
199860.25
509179.78125
208287.890625
275580.6875
324578.0
146841.703125
102879.53125
432077.4375
494202.65625
107007.2109375
183076.484375
95094.90625
53206.7734375
98059.5546875
131127.6875
204841.15625
89796.875
108601.5703125
137017.46875
149994.671875
291171.40625
86204.3046875
140380.6875
126018.53125
72356.21875
151208.65625
127727.4921875
77908.3984375
260089.59375
235304.21875
184440.953125
187942.59375
352376.0625
102645.8203125
248496.859375
129503.765625
230846.0
293478.3125
233359.90625
161373.078125
349966.46875
166938.46875
150056.09375
121495.46875
320203.0
377594.875
68712.0546875
149080.09375
81741.53125
251824.6875
112062.953125
92375.1328125
149587.5625
189226.359375
143836.71875
120459.5234375
153356.546875
134006.140625
313074.03125
226293.078125
59359.5859375
496196.28125
298344.625
175964.65625
343228.78125
202760.640625
221783.578125
164866.5625
190824.4375
207038.59375
119631.2734375
149543.953125
83444.0859375
349132.90625
65831.109375
70842.6640625
271963.0
238713.859375
350489.6875
327641.3125
161099.03125
196120.078125
166758.71875
312477.34375
101310.125
137294.96875
90258.8359375
250174.234375
410527.9375
159114.109375
494516.71875
59744.66015625
102708.9296875
134931.8125
147720.796875
79623.2578125
178356.890625
241994.9375
288873.90625
103860.7265625
80900.9140625
142808.140625
153654.046875
121549.7890625
191679.109375
311246.5
236389.171875
122763.4296875
60834.41015625
199063.15625
168768.0
269586.03125
101432.671875
474620.84375
119621.875
457624.84375
100817.5703125
114748.6953125
470347.0625
211279.8125
110197.921875
123525.6484375
152691.296875
290364.53125
110969.71875
286611.15625
209363.3125
127630.0234375
143762.90625
148456.90625
448803.65625
105436.0078125
86225.7421875
137571.859375
321307.0
91353.515625
516681.875
115325.859375
156512.703125
96643.515625
174014.640625
183534.890625
97836.7734375
190639.671875
421427.96875
128148.0234375
221981.1875
323369.46875
77324.1484375
162966.328125
205689.0625
122030.859375
352854.8125
204492.046875
199565.390625
294904.09375
146732.546875
137131.515625
67387.40625
129791.109375
297099.6875
508963.15625
136538.46875
91804.625
132955.6875
241260.421875
209478.953125
348558.9375
134548.9375
114496.96875
118976.984375
258892.796875
60257.29296875
84133.828125
127074.484375
177417.109375
184812.796875
55754.39453125
113786.4609375
247618.546875
142992.65625
186229.765625
256860.09375
329314.09375
137665.921875
109119.109375
133281.484375
278642.28125
89366.2265625
213735.296875
206115.765625
142569.109375
173879.25
117633.234375
249452.203125
187864.640625
248560.703125
451130.90625
68119.09375
181380.75
362266.375
265890.78125
183391.421875
53881.46484375
150338.078125
343468.0625
94037.5859375
145036.265625
123134.390625
112219.1484375
491092.96875
197033.703125
230203.03125
316485.71875
132780.546875
159330.8125
113806.265625
90400.1171875
298386.9375
53370.640625
243264.3125
470301.78125
212832.296875
167504.515625
288490.65625
471678.9375
73794.828125
83627.96875
121772.0390625
351654.4375
273089.6875
162124.765625
337644.78125
154168.796875
308898.9375
221559.90625
418478.28125
59061.09765625
198749.8125
228386.4375
230378.078125
117863.8359375
149524.171875
402076.59375
230603.3125
155577.765625
100580.96875
68982.53125
104809.8046875
358155.15625
131491.375
117675.2109375
496885.59375
102877.140625
420514.40625
253036.671875
339565.90625
178918.65625
206551.90625
114202.359375
233553.859375
233885.484375
474755.21875
227917.03125
502019.3125
137117.953125
159175.8125
186234.734375
322249.40625
83525.5859375
100385.375
225789.578125
352121.28125
404624.78125
323537.59375
149399.9375
127170.71875
147775.140625
82270.625
335634.40625
94568.84375
106194.9296875
186882.171875
117701.390625
275895.1875
63726.04296875
351740.90625
367694.78125
143077.25
120657.1484375
359727.46875
147408.328125
405167.71875
118912.09375
181054.265625
375282.0625
174973.484375
233750.96875
237589.0
387345.96875
367999.125
185651.21875
150044.765625
120990.875
258260.9375
91277.3515625
159915.578125
193639.890625
111812.9296875
486583.0625
223457.296875
174067.109375
88636.1015625
112612.09375
105321.203125
189092.84375
67614.7578125
167470.953125
432511.9375
275093.03125
227541.0625
459079.0
144321.4375
210176.90625
165904.28125
114834.9609375
67247.6796875
204770.59375
216469.75
211206.046875
162691.234375
505840.3125
253850.109375
105536.125
230153.015625
61232.0234375
132403.59375
140914.765625
299930.0625
198744.6875
213546.421875
243798.265625
95832.234375
206311.96875
181610.4375
62976.3046875
165090.171875
150693.046875
237568.578125
251079.828125
358767.34375
112726.921875
56812.828125
99102.8046875
99740.9609375
242290.296875
160233.25
186667.234375
158099.296875
251820.71875
480890.09375
260177.3125
191816.640625
182411.15625
388780.375
75878.9296875
196292.96875
211936.453125
303051.5625
232843.171875
503144.40625
199973.984375
186905.765625
205596.359375
269736.28125
286692.53125
233504.9375
455975.84375
220334.609375
106809.4296875
115751.34375
197823.34375
208891.15625
382562.21875
65997.0234375
312928.8125
232620.640625
139690.78125
147714.640625
111309.75
276065.6875
271496.78125
134184.109375
202384.984375
290691.28125
183730.390625
143736.390625
220865.359375
96498.8828125
77297.7265625
162860.328125
470955.375
74040.0390625
246279.640625
373013.625
445982.0625
194348.5625
140418.5
504496.625
303463.21875
296293.90625
108884.546875
76657.140625
107330.921875
337249.65625
84339.3046875
499522.53125
150922.859375
253649.6875
185582.28125
208134.6875
176025.0625
200001.15625
326148.65625
109057.0078125
149786.890625
343554.1875
275481.0625
494854.375
351051.40625
324927.3125
243083.890625
98829.171875
395234.9375
194450.5
255440.078125
118567.0078125
303261.34375
194193.96875
94372.8359375
158859.28125
415394.4375
165750.40625
121329.3515625
420934.21875
156714.984375
515599.8125
290735.0625
174251.21875
116553.21875
182010.96875
312974.96875
70541.6640625
115885.4609375
162380.765625
104846.8359375
166303.640625
277197.09375
264034.0625
361394.21875
324527.15625
178771.296875
231972.109375
134874.03125
226787.734375
310089.28125
106804.453125
59148.8046875
50818.76953125
307375.21875
229829.984375
369912.1875
291664.21875
82130.5390625
217362.265625
209014.75
128724.078125
216418.703125
273198.40625
500138.46875
106083.203125
246763.25
147043.515625
204394.03125
99231.4609375
184410.9375
158329.046875
206267.9375
274910.15625
177781.90625
395589.59375
440808.15625
224406.5
143028.484375
415829.46875
149301.78125
93029.453125
233811.0
124098.9609375
497294.8125
416537.3125
316567.46875
257624.890625
240323.34375
55396.38671875
133766.46875
58771.8046875
417447.6875
121958.0703125
139275.875
51647.17578125
135409.65625
80299.8984375
495706.9375
330433.59375
401035.34375
56094.33203125
427669.96875
477496.9375
168320.671875
194783.46875
161620.328125
253435.25
89778.7265625
106595.5078125
145269.34375
143987.265625
251002.59375
165702.3125
260320.328125
160831.953125
125390.90625
121547.0
183467.703125
433102.6875
199822.28125
105328.5234375
356567.0
115007.1640625
97547.671875
80261.9140625
136691.96875
164085.6875
136917.984375
497727.09375
80639.0546875
244149.96875
271012.78125
219948.640625
87080.8828125
161033.296875
288178.3125
170780.34375
128284.921875
140609.59375
165480.5
460529.53125
199944.53125
139688.984375
295591.0625
340517.15625
98661.875
182954.09375
167836.171875
166104.203125
165016.890625
377010.21875
126664.2734375
111939.953125
175220.328125
45744.30859375
158948.90625
78449.609375
138880.25
291849.5625
233663.6875
201764.8125
160057.71875
93098.984375
217950.3125
108869.1484375
183042.953125
129450.0703125
136879.515625
370496.59375
508667.5625
205938.265625
495152.78125
235342.828125
192355.46875
490706.46875
442261.96875
104628.25
74080.8359375
111537.28125
169560.015625
141887.546875
110166.84375
177617.1875
180534.9375
159765.078125
173631.828125
102574.578125
274384.125
377685.15625
236985.109375
63203.7734375
72859.75
165195.671875
125922.015625
209411.96875
247603.53125
135944.265625
145152.421875
136912.890625
223459.09375
128622.8671875
267482.5
475314.3125
159173.515625
139022.421875
163236.34375
70260.5703125
314791.34375
160397.140625
254912.5625
210472.96875
130265.1328125
140264.734375
102038.4140625
204066.28125
133837.578125
134986.71875
165835.484375
354490.0
388620.15625
253415.6875
310109.90625
159454.46875
135530.171875
102818.015625
244675.078125
343795.28125
66153.2578125
163779.9375
169466.734375
353444.71875
131186.046875
308791.0
168925.328125
213783.546875
500654.21875
146507.03125
510934.875
63727.359375
158839.671875
182040.9375
130355.953125
151018.859375
179687.703125
196596.171875
487511.125
197219.703125
94358.34375
509153.53125
161481.1875
449832.03125
236830.484375
168653.90625
365645.4375
172421.828125
111655.28125
396170.59375
163211.09375
102670.5859375
445657.15625
271049.625
99725.7265625
347689.90625
144730.3125
103466.515625
95297.203125
172421.578125
308784.21875
149210.75
152736.3125
92062.9453125
310309.96875
210238.234375
151732.46875
133600.328125
97719.421875
101643.125
158095.15625
134228.25
314503.59375
77871.8203125
111222.421875
243116.453125
307000.34375
98957.46875
246926.65625
444475.71875
179039.03125
236695.859375
456238.78125
223022.515625
56565.2109375
80148.1796875
327630.0625
142068.671875
119235.90625
240511.5
99198.9453125
174709.484375
187598.484375
250821.96875
392991.59375
257656.234375
177922.484375
132091.15625
298028.8125
143466.75
214131.765625
92671.859375
278928.09375
337884.0625
287343.21875
190039.171875
167735.0625
304774.4375
158805.53125
329042.71875
244827.265625
69512.8671875
285528.78125
517251.84375
285473.3125
78950.0234375
248797.03125
188342.53125
394068.9375
261346.46875
195900.734375
200544.296875
99474.6796875
276548.875
286472.5
81252.984375
293554.625
125066.8203125
212583.15625
335449.40625
332349.53125
124529.6328125
418359.34375
285610.125
255187.5
159779.234375
237374.859375
323247.84375
207812.421875
327951.0
295649.34375
210679.5625
209378.75
147494.21875
192347.046875
341455.0
424081.96875
82451.84375
173972.984375
302708.28125
122013.6640625
292202.84375
149213.671875
400892.21875
436588.71875
116138.375
180458.5
251615.203125
212804.484375
95304.265625
186797.5
408249.53125
265832.3125
170617.78125
198897.640625
293427.84375
167123.8125
115552.0390625
283687.46875
130039.6171875
364776.34375
233413.5
133672.203125
376395.875
311983.5625
120821.4921875
144961.640625
284868.90625
257601.953125
236540.6875
234480.578125
51790.8515625
156866.109375
119484.359375
148047.484375
73900.5078125
216185.25
363468.65625
116251.1796875
269613.3125
422084.1875
474413.375
114151.7421875
313412.5
77540.171875
484043.125
179742.40625
217498.796875
53940.6484375
110298.0
276932.0
56792.63671875
473567.65625
86317.8203125
284129.625
495213.9375
356513.4375
221343.765625
205176.78125
196891.640625
203227.046875
115898.1484375
403304.46875
513237.15625
140393.828125
182254.453125
152301.21875
197224.90625
115038.03125
420086.375
156944.859375
89960.03125
406486.8125
444920.5
211022.46875
104974.6953125
350017.34375
218751.703125
156503.3125
59810.3359375
250859.1875
189009.671875
226219.78125
204105.484375
210798.03125
161478.453125
176495.453125
260652.515625
202077.9375
204363.296875
100232.515625
245321.5
502659.90625
74918.8828125
331593.21875
80468.03125
163535.734375
94141.8828125
199991.546875
163987.59375
435632.5
165837.3125
204554.96875
90532.5
503857.59375
88941.640625
85558.59375
156496.6875
154567.234375
336685.84375
165071.828125
108237.6171875
149340.765625
218921.390625
233989.1875
294832.625
141392.40625
212729.46875
113383.703125
215130.140625
93137.78125
196946.140625
213795.734375
155102.78125
466519.1875
128872.1640625
171480.59375
170082.390625
94587.578125
145861.203125
231161.765625
175174.0625
161830.734375
94031.6328125
79639.859375
311939.90625
327203.53125
151566.640625
201449.4375
262537.125
213371.1875
421342.0625
103305.2421875
118416.3359375
118570.5859375
85965.4453125
116008.2734375
217074.578125
221657.90625
198939.0625
64565.01953125
212465.796875
150898.578125
165113.171875
66139.390625
66661.640625
222534.859375
89103.4609375
96006.5703125
137092.5625
92935.265625
266814.9375
293754.8125
239842.0
134798.890625
508496.8125
196383.453125
499788.65625
141277.421875
140629.84375
140823.34375
208895.40625
435807.21875
293000.59375
262773.90625
279950.15625
294712.8125
195352.671875
231059.03125
163932.140625
137656.546875
80783.3046875
126637.2734375
216448.46875
215723.203125
264754.0625
301563.3125
125055.328125
99095.375
68609.3046875
65764.765625
353939.6875
303553.71875
177634.453125
121310.6953125
334471.34375
97077.578125
247593.75
254092.1875
70068.8359375
168927.140625
335004.9375
177828.0625
48659.83203125
111057.75
152477.765625
264614.53125
152672.265625
283378.125
164988.984375
139044.515625
139089.609375
108842.0546875
106202.7578125
139469.625
102491.7265625
67131.5859375
146814.78125
306141.09375
257015.828125
226118.640625
241116.390625
466736.125
146751.90625
126075.8046875
113220.0
458626.53125
122865.3671875
138495.046875
225298.3125
158748.078125
125600.8203125
78733.3359375
66334.875
80842.0703125
111934.203125
315460.09375
133678.640625
54708.76953125
294062.1875
107896.234375
100502.015625
102336.34375
154895.578125
100257.1015625
150364.796875
234062.609375
250207.734375
174277.171875
72323.8984375
72045.9453125
370254.375
192786.859375
143062.46875
141615.546875
160135.171875
231621.359375
185414.0
280626.09375
128486.1953125
170095.671875
384100.84375
486543.5625
236112.953125
242092.25
162665.171875
89691.2265625
106159.9296875
449389.84375
257282.984375
156416.453125
133985.421875
234160.765625
81661.90625
347987.34375
222376.296875
224813.921875
359015.84375
452544.59375
214938.046875
371695.625
234684.8125
196234.578125
136007.46875
180475.828125
177513.46875
316092.4375
197599.734375
287211.96875
225144.265625
135475.96875
468387.90625
211324.484375
175049.765625
326899.65625
333505.5625
401366.46875
164308.28125
86361.9453125
334662.15625
227434.046875
505932.1875
196912.390625
118907.1171875
342187.40625
178217.859375
354640.9375
459368.375
128473.0703125
167725.53125
187555.234375
173289.21875
141427.203125
121085.0078125
98701.234375
241337.328125
167461.421875
487630.4375
104234.765625
143243.359375
506456.625
115236.5703125
205603.703125
486563.4375
362037.1875
144367.78125
231824.78125
355007.125
356276.28125
62526.96484375
250914.390625
355431.6875
185911.03125
154443.359375
157041.28125
342265.15625
426625.46875
119867.1953125
138560.8125
105340.609375
59885.01953125
175099.0625
157406.734375
146172.265625
353021.3125
454489.03125
222878.234375
157147.5
142021.609375
84403.4921875
207553.6875
71668.9453125
501388.5
72577.421875
242647.390625
176028.671875
69817.765625
355456.53125
126381.3828125
69794.8359375
219686.671875
95730.015625
68869.0
349778.375
192093.390625
83546.1953125
247027.671875
498005.40625
88504.9296875
121954.21875
163179.515625
174472.421875
344965.875
392170.1875
187279.546875
54785.953125
358730.625
309635.875
275551.40625
115173.296875
131335.84375
128903.6171875
343414.8125
144512.515625
248141.765625
55442.88671875
228501.609375
164616.78125
286826.59375
210552.171875
303160.78125
243736.140625
495633.6875
126307.984375
252492.296875
140533.46875
117769.4453125
163698.109375
293727.09375
181158.828125
213903.4375
242635.796875
323491.15625
135048.453125
155894.828125
274269.4375
121881.8515625
163274.9375
79394.2421875
99975.46875
250673.453125
135651.78125
200947.046875
185868.046875
410475.4375
258934.4375
239753.953125
184704.296875
152844.4375
248252.6875
96668.890625
457500.84375
92734.703125
151941.734375
145528.21875
409209.1875
299895.78125
141616.734375
220512.09375
175426.09375
82992.96875
169925.03125
119526.328125
253337.09375
106869.7578125
128299.109375
138524.0625
110673.375
508853.0
100724.71875
122278.5546875
84863.4609375
180845.328125
228818.4375
290874.375
284716.15625
435867.46875
120068.4921875
95256.953125
490712.28125
115325.6484375
472945.125
65289.3203125
235016.671875
288849.40625
254790.140625
406771.90625
150278.5625
381058.0625
155715.546875
349212.9375
100851.125
182910.984375
116823.3828125
170873.1875
284282.71875
340229.5625
224498.25
413808.90625
219602.765625
100933.78125
259380.359375
141494.25
232589.484375
87707.3203125
347710.125
454906.9375
257825.5
433308.40625
186711.0
306065.03125
219633.0625
387417.96875
74967.7890625
50723.70703125
151822.46875
350814.875
222276.890625
67175.6328125
381063.21875
140762.03125
248519.578125
219648.40625
341352.375
441286.53125
81751.2578125
130761.078125
139289.34375
119157.546875
150053.078125
72243.59375
305262.34375
76217.921875
176782.078125
227457.03125
308687.5625
129376.8515625
193556.6875
281633.5
171533.0
190024.328125
151952.890625
164421.828125
378002.875
114265.7421875
236172.5625
88825.84375
296103.5
192948.5625
220605.5
205472.265625
129898.125
169591.390625
77277.9453125
78019.5234375
164606.71875
204874.6875
176090.40625
266298.34375
110158.640625
66599.5234375
98790.0234375
163485.609375
198267.140625
191007.1875
188473.03125
379753.46875
304922.96875
106284.40625
494671.1875
113208.8359375
89755.3515625
91073.1484375
491473.59375
130186.0546875
238670.15625
116484.8203125
57447.19921875
208198.03125
470076.78125
219488.859375
99636.3984375
117743.796875
238901.28125
296581.15625
79052.2578125
165819.734375
126639.046875
227618.59375
75419.703125
120324.7109375
99389.7421875
229618.09375
181451.796875
97872.8046875
169221.90625
130120.234375
230911.796875
278400.40625
270782.15625
216974.828125
270058.90625
78977.6796875
131677.84375
113413.6953125
84967.578125
76045.453125
94434.7265625
153057.9375
182171.984375
191267.921875
129543.5078125
217549.59375
89954.3515625
177881.234375
176819.6875
234987.90625
147117.703125
424602.5625
152455.53125
139476.65625
120372.9921875
96163.5703125
62972.18359375
267507.46875
75011.4921875
149004.421875
109105.859375
503337.53125
213298.21875
105048.171875
290591.90625
79939.0390625
245795.9375
117054.4296875
117804.875
129873.53125
77589.2734375
322325.96875
188657.796875
174597.78125
325357.8125
198827.75
278385.78125
349020.4375
84371.484375
176900.765625
173518.359375
93248.3984375
184247.609375
207975.609375
317619.40625
78806.4140625
173647.390625
239235.59375
316249.125
231628.109375
200493.84375
408956.59375
124035.015625
369833.21875
264853.09375
329779.125
147922.796875
159921.734375
198252.40625
128117.2890625
308965.4375
322220.78125
204704.515625
441482.21875
346541.34375
241963.65625
170305.984375
197332.421875
208332.296875
312033.0
185058.296875
442082.5625
436990.40625
410234.53125
104165.2890625
252298.46875
133677.46875
222568.5625
60281.01171875
45662.29296875
149783.40625
179065.75
108453.984375
160731.484375
84306.1953125
239114.203125
138125.8125
202190.296875
298663.65625
233608.296875
192147.328125
137693.375
175226.15625
222577.5625
136181.4375
410293.03125
139910.8125
488250.3125
193012.015625
268330.4375
151584.0625
73080.0234375
437870.0625
307737.6875
256214.28125
121811.515625
376897.5
105194.0390625
141085.234375
442076.0
143310.546875
49253.203125
409910.0625
137442.234375
221171.34375
460834.0625
185011.109375
117561.6171875
234637.453125
222719.171875
297513.34375
192605.40625
162470.109375
167887.3125
113086.515625
103915.9921875
192737.828125
112676.34375
279184.625
102129.2734375
84236.3828125
473201.625
298407.46875
231818.09375
146210.234375
190511.71875
270745.6875
82323.0390625
403768.28125
132098.578125
146913.484375
193969.359375
257718.734375
214814.921875
206041.515625
270761.46875
123748.328125
286935.1875
149516.25
166542.75
92882.703125
418244.21875
261209.234375
111274.625
172696.359375
160474.15625
485685.9375
178547.3125
189542.296875
235983.46875
149969.140625
178993.0
111556.1328125
157466.71875
266210.5625
271866.9375
184979.84375
82030.65625
215734.828125
127193.1171875
144056.703125
84871.8671875
151270.96875
124016.921875
205714.984375
247797.3125
222011.203125
82172.3203125
223845.59375
128651.34375
164959.15625
221828.265625
312717.53125
64873.609375
362970.5
130861.40625
83474.2109375
495256.1875
334447.625
203152.328125
200110.390625
518377.59375
392407.125
198668.296875
113818.3203125
153036.75
183892.328125
324960.4375
135175.71875
119095.5703125
246003.265625
186103.078125
240974.640625
67130.5546875
194740.59375
174459.53125
83477.3671875
186451.46875
103942.125
63923.57421875
133928.015625
205840.109375
97422.6328125
131144.609375
206653.5
510878.34375
67760.765625
131923.875
207067.515625
164075.703125
222124.078125
224649.828125
223446.453125
140169.9375
210217.421875
150182.75
398886.34375
191211.0625
302592.65625
159760.953125
221019.15625
146039.8125
495781.21875
230627.578125
202431.859375
182374.390625
137731.890625
342366.875
121204.8046875
237025.25
267938.84375
57974.49609375
447329.125
89357.921875
408497.96875
152772.421875
252380.046875
139639.75
391119.0625
187347.96875
174393.734375
331910.65625
198614.046875
326790.65625
82385.7421875
231766.390625
278329.78125
151327.96875
229793.4375
234455.46875
126108.8515625
445698.65625
238685.265625
191120.40625
217675.1875
212172.0625
69260.8046875
290060.78125
154222.0
73691.7734375
103501.546875
138529.5
247026.71875
169169.0
112205.296875
112197.4453125
75489.0234375
183968.109375
151077.359375
240724.109375
132701.21875
167081.609375
57182.69140625
72563.8515625
203291.484375
469146.46875
376629.03125
95558.625
272214.1875
84559.09375
170713.578125
312659.5625
177390.15625
91809.234375
333327.125
75270.75
111602.6484375
132571.890625
164450.15625
427449.96875
122807.5859375
261358.265625
162178.96875
277281.46875
185128.203125
149995.9375
509034.59375
110089.0
347348.5
154056.65625
148171.609375
171373.25
149396.546875
66293.3359375
313772.65625
60027.58203125
230823.1875
80243.796875
